{"/Users/apple/code/hospital_mgt_sys/app.js": {"path":"/Users/apple/code/hospital_mgt_sys/app.js","statementMap":{"0":{"start":{"line":1,"column":15},"end":{"line":1,"column":33}},"1":{"start":{"line":2,"column":13},"end":{"line":2,"column":22}},"2":{"start":{"line":3,"column":11},"end":{"line":3,"column":26}},"3":{"start":{"line":4,"column":21},"end":{"line":4,"column":58}},"4":{"start":{"line":5,"column":22},"end":{"line":5,"column":61}},"5":{"start":{"line":6,"column":26},"end":{"line":6,"column":73}},"6":{"start":{"line":7,"column":27},"end":{"line":7,"column":76}},"7":{"start":{"line":8,"column":0},"end":{"line":8,"column":24}},"8":{"start":{"line":10,"column":0},"end":{"line":10,"column":37}},"9":{"start":{"line":11,"column":0},"end":{"line":11,"column":39}},"10":{"start":{"line":12,"column":0},"end":{"line":12,"column":47}},"11":{"start":{"line":13,"column":0},"end":{"line":13,"column":49}},"12":{"start":{"line":16,"column":0},"end":{"line":21,"column":3}},"13":{"start":{"line":17,"column":4},"end":{"line":20,"column":7}},"14":{"start":{"line":23,"column":0},"end":{"line":25,"column":3}},"15":{"start":{"line":24,"column":4},"end":{"line":24,"column":72}},"16":{"start":{"line":27,"column":0},"end":{"line":27,"column":21}}},"fnMap":{"0":{"name":"(anonymous_0)","decl":{"start":{"line":16,"column":15},"end":{"line":16,"column":16}},"loc":{"start":{"line":16,"column":26},"end":{"line":21,"column":1}},"line":16},"1":{"name":"(anonymous_1)","decl":{"start":{"line":23,"column":23},"end":{"line":23,"column":24}},"loc":{"start":{"line":23,"column":27},"end":{"line":25,"column":1}},"line":23}},"branchMap":{},"s":{"0":1,"1":1,"2":1,"3":1,"4":1,"5":1,"6":1,"7":1,"8":1,"9":1,"10":1,"11":1,"12":1,"13":0,"14":1,"15":1,"16":1},"f":{"0":0,"1":1},"b":{},"_coverageSchema":"1a1c01bbd47fc00a2c39e90264f33305004495a9","hash":"06c373fae2a92b39819008621ba323c8d0ff418c"}
,"/Users/apple/code/hospital_mgt_sys/api/appointment/appointment.controller.js": {"path":"/Users/apple/code/hospital_mgt_sys/api/appointment/appointment.controller.js","statementMap":{"0":{"start":{"line":1,"column":65},"end":{"line":1,"column":97}},"1":{"start":{"line":2,"column":11},"end":{"line":2,"column":26}},"2":{"start":{"line":4,"column":0},"end":{"line":54,"column":2}},"3":{"start":{"line":6,"column":21},"end":{"line":6,"column":29}},"4":{"start":{"line":7,"column":8},"end":{"line":21,"column":11}},"5":{"start":{"line":8,"column":12},"end":{"line":14,"column":13}},"6":{"start":{"line":9,"column":16},"end":{"line":9,"column":33}},"7":{"start":{"line":10,"column":16},"end":{"line":13,"column":19}},"8":{"start":{"line":15,"column":12},"end":{"line":20,"column":15}},"9":{"start":{"line":24,"column":21},"end":{"line":24,"column":29}},"10":{"start":{"line":25,"column":19},"end":{"line":25,"column":25}},"11":{"start":{"line":26,"column":8},"end":{"line":39,"column":10}},"12":{"start":{"line":27,"column":10},"end":{"line":30,"column":11}},"13":{"start":{"line":28,"column":14},"end":{"line":28,"column":31}},"14":{"start":{"line":29,"column":14},"end":{"line":29,"column":21}},"15":{"start":{"line":31,"column":10},"end":{"line":38,"column":12}},"16":{"start":{"line":42,"column":19},"end":{"line":42,"column":32}},"17":{"start":{"line":43,"column":8},"end":{"line":52,"column":11}},"18":{"start":{"line":44,"column":12},"end":{"line":47,"column":13}},"19":{"start":{"line":45,"column":16},"end":{"line":45,"column":33}},"20":{"start":{"line":46,"column":16},"end":{"line":46,"column":23}},"21":{"start":{"line":48,"column":12},"end":{"line":51,"column":15}}},"fnMap":{"0":{"name":"(anonymous_0)","decl":{"start":{"line":5,"column":20},"end":{"line":5,"column":21}},"loc":{"start":{"line":5,"column":31},"end":{"line":22,"column":5}},"line":5},"1":{"name":"(anonymous_1)","decl":{"start":{"line":7,"column":28},"end":{"line":7,"column":29}},"loc":{"start":{"line":7,"column":43},"end":{"line":21,"column":9}},"line":7},"2":{"name":"(anonymous_2)","decl":{"start":{"line":23,"column":24},"end":{"line":23,"column":25}},"loc":{"start":{"line":23,"column":37},"end":{"line":40,"column":7}},"line":23},"3":{"name":"(anonymous_3)","decl":{"start":{"line":26,"column":35},"end":{"line":26,"column":36}},"loc":{"start":{"line":26,"column":52},"end":{"line":39,"column":9}},"line":26},"4":{"name":"(anonymous_4)","decl":{"start":{"line":41,"column":24},"end":{"line":41,"column":25}},"loc":{"start":{"line":41,"column":37},"end":{"line":53,"column":5}},"line":41},"5":{"name":"(anonymous_5)","decl":{"start":{"line":43,"column":29},"end":{"line":43,"column":30}},"loc":{"start":{"line":43,"column":46},"end":{"line":52,"column":9}},"line":43}},"branchMap":{"0":{"loc":{"start":{"line":8,"column":12},"end":{"line":14,"column":13}},"type":"if","locations":[{"start":{"line":8,"column":12},"end":{"line":14,"column":13}},{"start":{},"end":{}}],"line":8},"1":{"loc":{"start":{"line":27,"column":10},"end":{"line":30,"column":11}},"type":"if","locations":[{"start":{"line":27,"column":10},"end":{"line":30,"column":11}},{"start":{},"end":{}}],"line":27},"2":{"loc":{"start":{"line":44,"column":12},"end":{"line":47,"column":13}},"type":"if","locations":[{"start":{"line":44,"column":12},"end":{"line":47,"column":13}},{"start":{},"end":{}}],"line":44}},"s":{"0":1,"1":1,"2":1,"3":0,"4":0,"5":0,"6":0,"7":0,"8":0,"9":0,"10":0,"11":0,"12":0,"13":0,"14":0,"15":0,"16":0,"17":0,"18":0,"19":0,"20":0,"21":0},"f":{"0":0,"1":0,"2":0,"3":0,"4":0,"5":0},"b":{"0":[0,0],"1":[0,0],"2":[0,0]},"_coverageSchema":"1a1c01bbd47fc00a2c39e90264f33305004495a9","hash":"c445976d0bb2d11921923e2afbd9910cd4f54fca"}
,"/Users/apple/code/hospital_mgt_sys/api/appointment/appointment.router.js": {"path":"/Users/apple/code/hospital_mgt_sys/api/appointment/appointment.router.js","statementMap":{"0":{"start":{"line":1,"column":64},"end":{"line":1,"column":99}},"1":{"start":{"line":2,"column":15},"end":{"line":2,"column":42}},"2":{"start":{"line":3,"column":30},"end":{"line":3,"column":67}},"3":{"start":{"line":5,"column":0},"end":{"line":5,"column":52}},"4":{"start":{"line":6,"column":0},"end":{"line":6,"column":65}},"5":{"start":{"line":7,"column":0},"end":{"line":7,"column":58}},"6":{"start":{"line":9,"column":0},"end":{"line":9,"column":24}}},"fnMap":{},"branchMap":{},"s":{"0":1,"1":1,"2":1,"3":1,"4":1,"5":1,"6":1},"f":{},"b":{},"_coverageSchema":"1a1c01bbd47fc00a2c39e90264f33305004495a9","hash":"2c496eb56c824471119957ec361455a4ff1be03e"}
,"/Users/apple/code/hospital_mgt_sys/api/appointment/appointment.service.js": {"path":"/Users/apple/code/hospital_mgt_sys/api/appointment/appointment.service.js","statementMap":{"0":{"start":{"line":1,"column":13},"end":{"line":1,"column":45}},"1":{"start":{"line":3,"column":0},"end":{"line":48,"column":2}},"2":{"start":{"line":5,"column":8},"end":{"line":19,"column":10}},"3":{"start":{"line":14,"column":16},"end":{"line":16,"column":17}},"4":{"start":{"line":15,"column":20},"end":{"line":15,"column":42}},"5":{"start":{"line":17,"column":16},"end":{"line":17,"column":45}},"6":{"start":{"line":22,"column":8},"end":{"line":34,"column":9}},"7":{"start":{"line":29,"column":16},"end":{"line":31,"column":17}},"8":{"start":{"line":30,"column":20},"end":{"line":30,"column":43}},"9":{"start":{"line":32,"column":16},"end":{"line":32,"column":46}},"10":{"start":{"line":37,"column":8},"end":{"line":46,"column":9}},"11":{"start":{"line":41,"column":16},"end":{"line":43,"column":17}},"12":{"start":{"line":42,"column":20},"end":{"line":42,"column":43}},"13":{"start":{"line":44,"column":16},"end":{"line":44,"column":46}}},"fnMap":{"0":{"name":"(anonymous_0)","decl":{"start":{"line":4,"column":20},"end":{"line":4,"column":21}},"loc":{"start":{"line":4,"column":38},"end":{"line":20,"column":5}},"line":4},"1":{"name":"(anonymous_1)","decl":{"start":{"line":13,"column":12},"end":{"line":13,"column":13}},"loc":{"start":{"line":13,"column":39},"end":{"line":18,"column":13}},"line":13},"2":{"name":"(anonymous_2)","decl":{"start":{"line":21,"column":24},"end":{"line":21,"column":25}},"loc":{"start":{"line":21,"column":46},"end":{"line":35,"column":5}},"line":21},"3":{"name":"(anonymous_3)","decl":{"start":{"line":28,"column":12},"end":{"line":28,"column":13}},"loc":{"start":{"line":28,"column":38},"end":{"line":33,"column":13}},"line":28},"4":{"name":"(anonymous_4)","decl":{"start":{"line":36,"column":24},"end":{"line":36,"column":25}},"loc":{"start":{"line":36,"column":39},"end":{"line":47,"column":5}},"line":36},"5":{"name":"(anonymous_5)","decl":{"start":{"line":40,"column":12},"end":{"line":40,"column":13}},"loc":{"start":{"line":40,"column":38},"end":{"line":45,"column":13}},"line":40}},"branchMap":{"0":{"loc":{"start":{"line":14,"column":16},"end":{"line":16,"column":17}},"type":"if","locations":[{"start":{"line":14,"column":16},"end":{"line":16,"column":17}},{"start":{},"end":{}}],"line":14},"1":{"loc":{"start":{"line":29,"column":16},"end":{"line":31,"column":17}},"type":"if","locations":[{"start":{"line":29,"column":16},"end":{"line":31,"column":17}},{"start":{},"end":{}}],"line":29},"2":{"loc":{"start":{"line":41,"column":16},"end":{"line":43,"column":17}},"type":"if","locations":[{"start":{"line":41,"column":16},"end":{"line":43,"column":17}},{"start":{},"end":{}}],"line":41}},"s":{"0":1,"1":1,"2":0,"3":0,"4":0,"5":0,"6":0,"7":0,"8":0,"9":0,"10":0,"11":0,"12":0,"13":0},"f":{"0":0,"1":0,"2":0,"3":0,"4":0,"5":0},"b":{"0":[0,0],"1":[0,0],"2":[0,0]},"_coverageSchema":"1a1c01bbd47fc00a2c39e90264f33305004495a9","hash":"4edbff1d045299df6dcb94018a25e7fd53b2d5d9"}
,"/Users/apple/code/hospital_mgt_sys/api/doctor/doctor.controller.js": {"path":"/Users/apple/code/hospital_mgt_sys/api/doctor/doctor.controller.js","statementMap":{"0":{"start":{"line":1,"column":130},"end":{"line":1,"column":157}},"1":{"start":{"line":2,"column":48},"end":{"line":2,"column":65}},"2":{"start":{"line":3,"column":36},"end":{"line":3,"column":59}},"3":{"start":{"line":4,"column":11},"end":{"line":4,"column":26}},"4":{"start":{"line":6,"column":0},"end":{"line":173,"column":2}},"5":{"start":{"line":8,"column":21},"end":{"line":8,"column":29}},"6":{"start":{"line":9,"column":21},"end":{"line":9,"column":36}},"7":{"start":{"line":10,"column":8},"end":{"line":10,"column":47}},"8":{"start":{"line":11,"column":8},"end":{"line":24,"column":11}},"9":{"start":{"line":12,"column":12},"end":{"line":18,"column":13}},"10":{"start":{"line":13,"column":16},"end":{"line":13,"column":33}},"11":{"start":{"line":14,"column":16},"end":{"line":17,"column":19}},"12":{"start":{"line":19,"column":12},"end":{"line":23,"column":15}},"13":{"start":{"line":27,"column":19},"end":{"line":27,"column":25}},"14":{"start":{"line":28,"column":8},"end":{"line":45,"column":11}},"15":{"start":{"line":29,"column":12},"end":{"line":34,"column":13}},"16":{"start":{"line":30,"column":16},"end":{"line":33,"column":18}},"17":{"start":{"line":35,"column":12},"end":{"line":40,"column":13}},"18":{"start":{"line":36,"column":16},"end":{"line":39,"column":18}},"19":{"start":{"line":41,"column":12},"end":{"line":44,"column":15}},"20":{"start":{"line":48,"column":8},"end":{"line":57,"column":11}},"21":{"start":{"line":49,"column":12},"end":{"line":52,"column":13}},"22":{"start":{"line":50,"column":16},"end":{"line":50,"column":33}},"23":{"start":{"line":51,"column":16},"end":{"line":51,"column":23}},"24":{"start":{"line":53,"column":12},"end":{"line":56,"column":15}},"25":{"start":{"line":60,"column":21},"end":{"line":60,"column":29}},"26":{"start":{"line":61,"column":21},"end":{"line":61,"column":36}},"27":{"start":{"line":62,"column":8},"end":{"line":62,"column":47}},"28":{"start":{"line":63,"column":19},"end":{"line":63,"column":32}},"29":{"start":{"line":64,"column":8},"end":{"line":80,"column":11}},"30":{"start":{"line":65,"column":12},"end":{"line":68,"column":13}},"31":{"start":{"line":66,"column":16},"end":{"line":66,"column":33}},"32":{"start":{"line":67,"column":16},"end":{"line":67,"column":23}},"33":{"start":{"line":69,"column":12},"end":{"line":74,"column":13}},"34":{"start":{"line":70,"column":16},"end":{"line":73,"column":18}},"35":{"start":{"line":75,"column":12},"end":{"line":79,"column":15}},"36":{"start":{"line":83,"column":19},"end":{"line":83,"column":27}},"37":{"start":{"line":84,"column":17},"end":{"line":84,"column":30}},"38":{"start":{"line":85,"column":6},"end":{"line":100,"column":8}},"39":{"start":{"line":86,"column":8},"end":{"line":91,"column":9}},"40":{"start":{"line":87,"column":12},"end":{"line":90,"column":14}},"41":{"start":{"line":92,"column":8},"end":{"line":99,"column":10}},"42":{"start":{"line":104,"column":19},"end":{"line":104,"column":25}},"43":{"start":{"line":105,"column":8},"end":{"line":120,"column":11}},"44":{"start":{"line":106,"column":12},"end":{"line":109,"column":13}},"45":{"start":{"line":107,"column":16},"end":{"line":107,"column":33}},"46":{"start":{"line":108,"column":16},"end":{"line":108,"column":23}},"47":{"start":{"line":110,"column":12},"end":{"line":115,"column":13}},"48":{"start":{"line":111,"column":16},"end":{"line":114,"column":18}},"49":{"start":{"line":116,"column":12},"end":{"line":119,"column":15}},"50":{"start":{"line":123,"column":21},"end":{"line":123,"column":29}},"51":{"start":{"line":124,"column":8},"end":{"line":150,"column":11}},"52":{"start":{"line":125,"column":12},"end":{"line":127,"column":13}},"53":{"start":{"line":126,"column":16},"end":{"line":126,"column":33}},"54":{"start":{"line":128,"column":12},"end":{"line":133,"column":13}},"55":{"start":{"line":129,"column":16},"end":{"line":132,"column":19}},"56":{"start":{"line":134,"column":27},"end":{"line":134,"column":64}},"57":{"start":{"line":135,"column":12},"end":{"line":143,"column":13}},"58":{"start":{"line":136,"column":16},"end":{"line":136,"column":42}},"59":{"start":{"line":137,"column":34},"end":{"line":137,"column":79}},"60":{"start":{"line":138,"column":16},"end":{"line":142,"column":19}},"61":{"start":{"line":153,"column":19},"end":{"line":153,"column":25}},"62":{"start":{"line":154,"column":8},"end":{"line":171,"column":11}},"63":{"start":{"line":155,"column":12},"end":{"line":160,"column":13}},"64":{"start":{"line":156,"column":16},"end":{"line":159,"column":18}},"65":{"start":{"line":161,"column":12},"end":{"line":166,"column":13}},"66":{"start":{"line":162,"column":16},"end":{"line":165,"column":18}},"67":{"start":{"line":167,"column":12},"end":{"line":170,"column":15}}},"fnMap":{"0":{"name":"(anonymous_0)","decl":{"start":{"line":7,"column":15},"end":{"line":7,"column":16}},"loc":{"start":{"line":7,"column":26},"end":{"line":25,"column":5}},"line":7},"1":{"name":"(anonymous_1)","decl":{"start":{"line":11,"column":23},"end":{"line":11,"column":24}},"loc":{"start":{"line":11,"column":38},"end":{"line":24,"column":9}},"line":11},"2":{"name":"(anonymous_2)","decl":{"start":{"line":26,"column":20},"end":{"line":26,"column":21}},"loc":{"start":{"line":26,"column":33},"end":{"line":46,"column":5}},"line":26},"3":{"name":"(anonymous_3)","decl":{"start":{"line":28,"column":25},"end":{"line":28,"column":26}},"loc":{"start":{"line":28,"column":43},"end":{"line":45,"column":9}},"line":28},"4":{"name":"(anonymous_4)","decl":{"start":{"line":47,"column":16},"end":{"line":47,"column":17}},"loc":{"start":{"line":47,"column":29},"end":{"line":58,"column":5}},"line":47},"5":{"name":"(anonymous_5)","decl":{"start":{"line":48,"column":19},"end":{"line":48,"column":20}},"loc":{"start":{"line":48,"column":36},"end":{"line":57,"column":9}},"line":48},"6":{"name":"(anonymous_6)","decl":{"start":{"line":59,"column":19},"end":{"line":59,"column":20}},"loc":{"start":{"line":59,"column":31},"end":{"line":81,"column":5}},"line":59},"7":{"name":"(anonymous_7)","decl":{"start":{"line":64,"column":29},"end":{"line":64,"column":30}},"loc":{"start":{"line":64,"column":45},"end":{"line":80,"column":9}},"line":64},"8":{"name":"(anonymous_8)","decl":{"start":{"line":82,"column":23},"end":{"line":82,"column":24}},"loc":{"start":{"line":82,"column":36},"end":{"line":101,"column":5}},"line":82},"9":{"name":"(anonymous_9)","decl":{"start":{"line":85,"column":32},"end":{"line":85,"column":33}},"loc":{"start":{"line":85,"column":49},"end":{"line":100,"column":7}},"line":85},"10":{"name":"(anonymous_10)","decl":{"start":{"line":103,"column":19},"end":{"line":103,"column":20}},"loc":{"start":{"line":103,"column":32},"end":{"line":121,"column":5}},"line":103},"11":{"name":"(anonymous_11)","decl":{"start":{"line":105,"column":24},"end":{"line":105,"column":25}},"loc":{"start":{"line":105,"column":41},"end":{"line":120,"column":9}},"line":105},"12":{"name":"(anonymous_12)","decl":{"start":{"line":122,"column":11},"end":{"line":122,"column":12}},"loc":{"start":{"line":122,"column":24},"end":{"line":151,"column":5}},"line":122},"13":{"name":"(anonymous_13)","decl":{"start":{"line":124,"column":34},"end":{"line":124,"column":35}},"loc":{"start":{"line":124,"column":51},"end":{"line":150,"column":9}},"line":124},"14":{"name":"(anonymous_14)","decl":{"start":{"line":152,"column":23},"end":{"line":152,"column":24}},"loc":{"start":{"line":152,"column":36},"end":{"line":172,"column":5}},"line":152},"15":{"name":"(anonymous_15)","decl":{"start":{"line":154,"column":29},"end":{"line":154,"column":30}},"loc":{"start":{"line":154,"column":47},"end":{"line":171,"column":9}},"line":154}},"branchMap":{"0":{"loc":{"start":{"line":12,"column":12},"end":{"line":18,"column":13}},"type":"if","locations":[{"start":{"line":12,"column":12},"end":{"line":18,"column":13}},{"start":{},"end":{}}],"line":12},"1":{"loc":{"start":{"line":29,"column":12},"end":{"line":34,"column":13}},"type":"if","locations":[{"start":{"line":29,"column":12},"end":{"line":34,"column":13}},{"start":{},"end":{}}],"line":29},"2":{"loc":{"start":{"line":35,"column":12},"end":{"line":40,"column":13}},"type":"if","locations":[{"start":{"line":35,"column":12},"end":{"line":40,"column":13}},{"start":{},"end":{}}],"line":35},"3":{"loc":{"start":{"line":49,"column":12},"end":{"line":52,"column":13}},"type":"if","locations":[{"start":{"line":49,"column":12},"end":{"line":52,"column":13}},{"start":{},"end":{}}],"line":49},"4":{"loc":{"start":{"line":65,"column":12},"end":{"line":68,"column":13}},"type":"if","locations":[{"start":{"line":65,"column":12},"end":{"line":68,"column":13}},{"start":{},"end":{}}],"line":65},"5":{"loc":{"start":{"line":69,"column":12},"end":{"line":74,"column":13}},"type":"if","locations":[{"start":{"line":69,"column":12},"end":{"line":74,"column":13}},{"start":{},"end":{}}],"line":69},"6":{"loc":{"start":{"line":86,"column":8},"end":{"line":91,"column":9}},"type":"if","locations":[{"start":{"line":86,"column":8},"end":{"line":91,"column":9}},{"start":{},"end":{}}],"line":86},"7":{"loc":{"start":{"line":106,"column":12},"end":{"line":109,"column":13}},"type":"if","locations":[{"start":{"line":106,"column":12},"end":{"line":109,"column":13}},{"start":{},"end":{}}],"line":106},"8":{"loc":{"start":{"line":110,"column":12},"end":{"line":115,"column":13}},"type":"if","locations":[{"start":{"line":110,"column":12},"end":{"line":115,"column":13}},{"start":{},"end":{}}],"line":110},"9":{"loc":{"start":{"line":125,"column":12},"end":{"line":127,"column":13}},"type":"if","locations":[{"start":{"line":125,"column":12},"end":{"line":127,"column":13}},{"start":{},"end":{}}],"line":125},"10":{"loc":{"start":{"line":128,"column":12},"end":{"line":133,"column":13}},"type":"if","locations":[{"start":{"line":128,"column":12},"end":{"line":133,"column":13}},{"start":{},"end":{}}],"line":128},"11":{"loc":{"start":{"line":135,"column":12},"end":{"line":143,"column":13}},"type":"if","locations":[{"start":{"line":135,"column":12},"end":{"line":143,"column":13}},{"start":{},"end":{}}],"line":135},"12":{"loc":{"start":{"line":155,"column":12},"end":{"line":160,"column":13}},"type":"if","locations":[{"start":{"line":155,"column":12},"end":{"line":160,"column":13}},{"start":{},"end":{}}],"line":155},"13":{"loc":{"start":{"line":161,"column":12},"end":{"line":166,"column":13}},"type":"if","locations":[{"start":{"line":161,"column":12},"end":{"line":166,"column":13}},{"start":{},"end":{}}],"line":161}},"s":{"0":1,"1":1,"2":1,"3":1,"4":1,"5":2,"6":2,"7":2,"8":2,"9":2,"10":2,"11":2,"12":0,"13":1,"14":1,"15":1,"16":1,"17":0,"18":0,"19":0,"20":0,"21":0,"22":0,"23":0,"24":0,"25":0,"26":0,"27":0,"28":0,"29":0,"30":0,"31":0,"32":0,"33":0,"34":0,"35":0,"36":0,"37":0,"38":0,"39":0,"40":0,"41":0,"42":1,"43":1,"44":1,"45":1,"46":1,"47":0,"48":0,"49":0,"50":3,"51":3,"52":3,"53":0,"54":3,"55":0,"56":3,"57":1,"58":0,"59":0,"60":0,"61":0,"62":0,"63":0,"64":0,"65":0,"66":0,"67":0},"f":{"0":2,"1":2,"2":1,"3":1,"4":0,"5":0,"6":0,"7":0,"8":0,"9":0,"10":1,"11":1,"12":3,"13":3,"14":0,"15":0},"b":{"0":[2,0],"1":[1,0],"2":[0,0],"3":[0,0],"4":[0,0],"5":[0,0],"6":[0,0],"7":[1,0],"8":[0,0],"9":[0,3],"10":[0,3],"11":[0,1],"12":[0,0],"13":[0,0]},"_coverageSchema":"1a1c01bbd47fc00a2c39e90264f33305004495a9","hash":"ada4cfc0d13ef3c927ec0c541d2b7af783c32df1"}
,"/Users/apple/code/hospital_mgt_sys/api/doctor/doctor.router.js": {"path":"/Users/apple/code/hospital_mgt_sys/api/doctor/doctor.router.js","statementMap":{"0":{"start":{"line":1,"column":108},"end":{"line":1,"column":138}},"1":{"start":{"line":2,"column":15},"end":{"line":2,"column":42}},"2":{"start":{"line":3,"column":29},"end":{"line":3,"column":66}},"3":{"start":{"line":5,"column":0},"end":{"line":5,"column":28}},"4":{"start":{"line":6,"column":0},"end":{"line":6,"column":49}},"5":{"start":{"line":7,"column":0},"end":{"line":7,"column":60}},"6":{"start":{"line":8,"column":0},"end":{"line":8,"column":52}},"7":{"start":{"line":9,"column":0},"end":{"line":9,"column":62}},"8":{"start":{"line":10,"column":0},"end":{"line":10,"column":53}},"9":{"start":{"line":11,"column":0},"end":{"line":11,"column":29}},"10":{"start":{"line":12,"column":0},"end":{"line":12,"column":24}}},"fnMap":{},"branchMap":{},"s":{"0":1,"1":1,"2":1,"3":1,"4":1,"5":1,"6":1,"7":1,"8":1,"9":1,"10":1},"f":{},"b":{},"_coverageSchema":"1a1c01bbd47fc00a2c39e90264f33305004495a9","hash":"260fd50e5f3ca9d0a55fef2ba81d222c8eee51cf"}
,"/Users/apple/code/hospital_mgt_sys/api/doctor/doctor.service.js": {"path":"/Users/apple/code/hospital_mgt_sys/api/doctor/doctor.service.js","statementMap":{"0":{"start":{"line":1,"column":13},"end":{"line":1,"column":45}},"1":{"start":{"line":2,"column":26},"end":{"line":2,"column":66}},"2":{"start":{"line":4,"column":0},"end":{"line":132,"column":2}},"3":{"start":{"line":6,"column":8},"end":{"line":26,"column":10}},"4":{"start":{"line":21,"column":16},"end":{"line":23,"column":17}},"5":{"start":{"line":22,"column":20},"end":{"line":22,"column":42}},"6":{"start":{"line":24,"column":16},"end":{"line":24,"column":46}},"7":{"start":{"line":29,"column":8},"end":{"line":38,"column":10}},"8":{"start":{"line":33,"column":16},"end":{"line":35,"column":17}},"9":{"start":{"line":34,"column":20},"end":{"line":34,"column":43}},"10":{"start":{"line":36,"column":16},"end":{"line":36,"column":47}},"11":{"start":{"line":42,"column":8},"end":{"line":51,"column":10}},"12":{"start":{"line":46,"column":16},"end":{"line":48,"column":17}},"13":{"start":{"line":47,"column":20},"end":{"line":47,"column":43}},"14":{"start":{"line":49,"column":16},"end":{"line":49,"column":47}},"15":{"start":{"line":54,"column":8},"end":{"line":76,"column":9}},"16":{"start":{"line":71,"column":16},"end":{"line":73,"column":17}},"17":{"start":{"line":72,"column":20},"end":{"line":72,"column":43}},"18":{"start":{"line":74,"column":16},"end":{"line":74,"column":47}},"19":{"start":{"line":80,"column":8},"end":{"line":92,"column":9}},"20":{"start":{"line":87,"column":16},"end":{"line":89,"column":17}},"21":{"start":{"line":88,"column":20},"end":{"line":88,"column":43}},"22":{"start":{"line":90,"column":16},"end":{"line":90,"column":47}},"23":{"start":{"line":96,"column":8},"end":{"line":105,"column":9}},"24":{"start":{"line":100,"column":16},"end":{"line":102,"column":17}},"25":{"start":{"line":101,"column":20},"end":{"line":101,"column":43}},"26":{"start":{"line":103,"column":16},"end":{"line":103,"column":47}},"27":{"start":{"line":108,"column":8},"end":{"line":117,"column":9}},"28":{"start":{"line":112,"column":16},"end":{"line":114,"column":17}},"29":{"start":{"line":113,"column":20},"end":{"line":113,"column":43}},"30":{"start":{"line":115,"column":16},"end":{"line":115,"column":49}},"31":{"start":{"line":120,"column":8},"end":{"line":129,"column":9}},"32":{"start":{"line":124,"column":16},"end":{"line":126,"column":17}},"33":{"start":{"line":125,"column":20},"end":{"line":125,"column":43}},"34":{"start":{"line":127,"column":16},"end":{"line":127,"column":46}}},"fnMap":{"0":{"name":"(anonymous_0)","decl":{"start":{"line":5,"column":15},"end":{"line":5,"column":16}},"loc":{"start":{"line":5,"column":35},"end":{"line":27,"column":5}},"line":5},"1":{"name":"(anonymous_1)","decl":{"start":{"line":20,"column":12},"end":{"line":20,"column":13}},"loc":{"start":{"line":20,"column":40},"end":{"line":25,"column":13}},"line":20},"2":{"name":"(anonymous_2)","decl":{"start":{"line":28,"column":16},"end":{"line":28,"column":17}},"loc":{"start":{"line":28,"column":28},"end":{"line":40,"column":5}},"line":28},"3":{"name":"(anonymous_3)","decl":{"start":{"line":32,"column":12},"end":{"line":32,"column":13}},"loc":{"start":{"line":32,"column":40},"end":{"line":37,"column":13}},"line":32},"4":{"name":"(anonymous_4)","decl":{"start":{"line":41,"column":19},"end":{"line":41,"column":20}},"loc":{"start":{"line":41,"column":37},"end":{"line":52,"column":5}},"line":41},"5":{"name":"(anonymous_5)","decl":{"start":{"line":45,"column":12},"end":{"line":45,"column":13}},"loc":{"start":{"line":45,"column":40},"end":{"line":50,"column":13}},"line":45},"6":{"name":"(anonymous_6)","decl":{"start":{"line":53,"column":18},"end":{"line":53,"column":19}},"loc":{"start":{"line":53,"column":42},"end":{"line":77,"column":5}},"line":53},"7":{"name":"(anonymous_7)","decl":{"start":{"line":70,"column":12},"end":{"line":70,"column":13}},"loc":{"start":{"line":70,"column":40},"end":{"line":75,"column":13}},"line":70},"8":{"name":"(anonymous_8)","decl":{"start":{"line":79,"column":22},"end":{"line":79,"column":23}},"loc":{"start":{"line":79,"column":46},"end":{"line":93,"column":5}},"line":79},"9":{"name":"(anonymous_9)","decl":{"start":{"line":86,"column":12},"end":{"line":86,"column":13}},"loc":{"start":{"line":86,"column":40},"end":{"line":91,"column":13}},"line":86},"10":{"name":"(anonymous_10)","decl":{"start":{"line":95,"column":18},"end":{"line":95,"column":19}},"loc":{"start":{"line":95,"column":36},"end":{"line":106,"column":5}},"line":95},"11":{"name":"(anonymous_11)","decl":{"start":{"line":99,"column":12},"end":{"line":99,"column":13}},"loc":{"start":{"line":99,"column":40},"end":{"line":104,"column":13}},"line":99},"12":{"name":"(anonymous_12)","decl":{"start":{"line":107,"column":21},"end":{"line":107,"column":22}},"loc":{"start":{"line":107,"column":41},"end":{"line":118,"column":5}},"line":107},"13":{"name":"(anonymous_13)","decl":{"start":{"line":111,"column":12},"end":{"line":111,"column":13}},"loc":{"start":{"line":111,"column":40},"end":{"line":116,"column":13}},"line":111},"14":{"name":"(anonymous_14)","decl":{"start":{"line":119,"column":23},"end":{"line":119,"column":24}},"loc":{"start":{"line":119,"column":41},"end":{"line":131,"column":5}},"line":119},"15":{"name":"(anonymous_15)","decl":{"start":{"line":123,"column":12},"end":{"line":123,"column":13}},"loc":{"start":{"line":123,"column":40},"end":{"line":128,"column":13}},"line":123}},"branchMap":{"0":{"loc":{"start":{"line":21,"column":16},"end":{"line":23,"column":17}},"type":"if","locations":[{"start":{"line":21,"column":16},"end":{"line":23,"column":17}},{"start":{},"end":{}}],"line":21},"1":{"loc":{"start":{"line":33,"column":16},"end":{"line":35,"column":17}},"type":"if","locations":[{"start":{"line":33,"column":16},"end":{"line":35,"column":17}},{"start":{},"end":{}}],"line":33},"2":{"loc":{"start":{"line":46,"column":16},"end":{"line":48,"column":17}},"type":"if","locations":[{"start":{"line":46,"column":16},"end":{"line":48,"column":17}},{"start":{},"end":{}}],"line":46},"3":{"loc":{"start":{"line":71,"column":16},"end":{"line":73,"column":17}},"type":"if","locations":[{"start":{"line":71,"column":16},"end":{"line":73,"column":17}},{"start":{},"end":{}}],"line":71},"4":{"loc":{"start":{"line":87,"column":16},"end":{"line":89,"column":17}},"type":"if","locations":[{"start":{"line":87,"column":16},"end":{"line":89,"column":17}},{"start":{},"end":{}}],"line":87},"5":{"loc":{"start":{"line":100,"column":16},"end":{"line":102,"column":17}},"type":"if","locations":[{"start":{"line":100,"column":16},"end":{"line":102,"column":17}},{"start":{},"end":{}}],"line":100},"6":{"loc":{"start":{"line":112,"column":16},"end":{"line":114,"column":17}},"type":"if","locations":[{"start":{"line":112,"column":16},"end":{"line":114,"column":17}},{"start":{},"end":{}}],"line":112},"7":{"loc":{"start":{"line":124,"column":16},"end":{"line":126,"column":17}},"type":"if","locations":[{"start":{"line":124,"column":16},"end":{"line":126,"column":17}},{"start":{},"end":{}}],"line":124}},"s":{"0":1,"1":1,"2":1,"3":2,"4":2,"5":2,"6":0,"7":0,"8":0,"9":0,"10":0,"11":1,"12":1,"13":1,"14":0,"15":0,"16":0,"17":0,"18":0,"19":0,"20":0,"21":0,"22":0,"23":1,"24":1,"25":1,"26":0,"27":3,"28":3,"29":0,"30":3,"31":0,"32":0,"33":0,"34":0},"f":{"0":2,"1":2,"2":0,"3":0,"4":1,"5":1,"6":0,"7":0,"8":0,"9":0,"10":1,"11":1,"12":3,"13":3,"14":0,"15":0},"b":{"0":[2,0],"1":[0,0],"2":[1,0],"3":[0,0],"4":[0,0],"5":[1,0],"6":[0,3],"7":[0,0]},"_coverageSchema":"1a1c01bbd47fc00a2c39e90264f33305004495a9","hash":"c01693d97ef07570ec7de1c05b92d6aca7bc230b"}
,"/Users/apple/code/hospital_mgt_sys/api/patient/patient.controller.js": {"path":"/Users/apple/code/hospital_mgt_sys/api/patient/patient.controller.js","statementMap":{"0":{"start":{"line":1,"column":119},"end":{"line":1,"column":147}},"1":{"start":{"line":2,"column":48},"end":{"line":2,"column":65}},"2":{"start":{"line":3,"column":36},"end":{"line":3,"column":59}},"3":{"start":{"line":4,"column":11},"end":{"line":4,"column":26}},"4":{"start":{"line":6,"column":0},"end":{"line":159,"column":2}},"5":{"start":{"line":8,"column":21},"end":{"line":8,"column":29}},"6":{"start":{"line":9,"column":21},"end":{"line":9,"column":36}},"7":{"start":{"line":10,"column":8},"end":{"line":10,"column":47}},"8":{"start":{"line":11,"column":8},"end":{"line":24,"column":11}},"9":{"start":{"line":12,"column":12},"end":{"line":18,"column":13}},"10":{"start":{"line":13,"column":16},"end":{"line":13,"column":33}},"11":{"start":{"line":14,"column":16},"end":{"line":17,"column":19}},"12":{"start":{"line":19,"column":12},"end":{"line":23,"column":15}},"13":{"start":{"line":27,"column":19},"end":{"line":27,"column":25}},"14":{"start":{"line":28,"column":8},"end":{"line":39,"column":11}},"15":{"start":{"line":29,"column":12},"end":{"line":34,"column":13}},"16":{"start":{"line":30,"column":16},"end":{"line":33,"column":18}},"17":{"start":{"line":35,"column":12},"end":{"line":38,"column":15}},"18":{"start":{"line":42,"column":8},"end":{"line":57,"column":11}},"19":{"start":{"line":43,"column":12},"end":{"line":46,"column":13}},"20":{"start":{"line":44,"column":16},"end":{"line":44,"column":33}},"21":{"start":{"line":45,"column":16},"end":{"line":45,"column":23}},"22":{"start":{"line":47,"column":12},"end":{"line":52,"column":13}},"23":{"start":{"line":48,"column":16},"end":{"line":51,"column":19}},"24":{"start":{"line":53,"column":12},"end":{"line":56,"column":15}},"25":{"start":{"line":60,"column":21},"end":{"line":60,"column":29}},"26":{"start":{"line":61,"column":21},"end":{"line":61,"column":36}},"27":{"start":{"line":62,"column":8},"end":{"line":62,"column":47}},"28":{"start":{"line":63,"column":19},"end":{"line":63,"column":32}},"29":{"start":{"line":64,"column":8},"end":{"line":80,"column":11}},"30":{"start":{"line":65,"column":12},"end":{"line":68,"column":13}},"31":{"start":{"line":66,"column":16},"end":{"line":66,"column":33}},"32":{"start":{"line":67,"column":16},"end":{"line":67,"column":23}},"33":{"start":{"line":69,"column":12},"end":{"line":74,"column":13}},"34":{"start":{"line":70,"column":16},"end":{"line":73,"column":19}},"35":{"start":{"line":75,"column":12},"end":{"line":79,"column":15}},"36":{"start":{"line":84,"column":21},"end":{"line":84,"column":29}},"37":{"start":{"line":85,"column":19},"end":{"line":85,"column":32}},"38":{"start":{"line":86,"column":8},"end":{"line":105,"column":10}},"39":{"start":{"line":87,"column":10},"end":{"line":90,"column":11}},"40":{"start":{"line":88,"column":14},"end":{"line":88,"column":31}},"41":{"start":{"line":89,"column":14},"end":{"line":89,"column":21}},"42":{"start":{"line":91,"column":10},"end":{"line":96,"column":11}},"43":{"start":{"line":92,"column":12},"end":{"line":95,"column":15}},"44":{"start":{"line":97,"column":10},"end":{"line":104,"column":12}},"45":{"start":{"line":109,"column":19},"end":{"line":109,"column":32}},"46":{"start":{"line":110,"column":8},"end":{"line":125,"column":11}},"47":{"start":{"line":111,"column":12},"end":{"line":114,"column":13}},"48":{"start":{"line":112,"column":16},"end":{"line":112,"column":33}},"49":{"start":{"line":113,"column":16},"end":{"line":113,"column":23}},"50":{"start":{"line":115,"column":12},"end":{"line":120,"column":13}},"51":{"start":{"line":116,"column":16},"end":{"line":119,"column":19}},"52":{"start":{"line":121,"column":12},"end":{"line":124,"column":15}},"53":{"start":{"line":128,"column":21},"end":{"line":128,"column":29}},"54":{"start":{"line":129,"column":8},"end":{"line":157,"column":11}},"55":{"start":{"line":130,"column":12},"end":{"line":132,"column":13}},"56":{"start":{"line":131,"column":16},"end":{"line":131,"column":33}},"57":{"start":{"line":133,"column":12},"end":{"line":138,"column":13}},"58":{"start":{"line":134,"column":16},"end":{"line":137,"column":19}},"59":{"start":{"line":139,"column":27},"end":{"line":139,"column":64}},"60":{"start":{"line":140,"column":12},"end":{"line":150,"column":13}},"61":{"start":{"line":141,"column":16},"end":{"line":141,"column":42}},"62":{"start":{"line":142,"column":34},"end":{"line":142,"column":80}},"63":{"start":{"line":143,"column":16},"end":{"line":143,"column":37}},"64":{"start":{"line":144,"column":16},"end":{"line":148,"column":19}}},"fnMap":{"0":{"name":"(anonymous_0)","decl":{"start":{"line":7,"column":16},"end":{"line":7,"column":17}},"loc":{"start":{"line":7,"column":27},"end":{"line":25,"column":5}},"line":7},"1":{"name":"(anonymous_1)","decl":{"start":{"line":11,"column":24},"end":{"line":11,"column":25}},"loc":{"start":{"line":11,"column":39},"end":{"line":24,"column":9}},"line":11},"2":{"name":"(anonymous_2)","decl":{"start":{"line":26,"column":21},"end":{"line":26,"column":22}},"loc":{"start":{"line":26,"column":34},"end":{"line":40,"column":5}},"line":26},"3":{"name":"(anonymous_3)","decl":{"start":{"line":28,"column":26},"end":{"line":28,"column":27}},"loc":{"start":{"line":28,"column":44},"end":{"line":39,"column":9}},"line":28},"4":{"name":"(anonymous_4)","decl":{"start":{"line":41,"column":17},"end":{"line":41,"column":18}},"loc":{"start":{"line":41,"column":30},"end":{"line":58,"column":5}},"line":41},"5":{"name":"(anonymous_5)","decl":{"start":{"line":42,"column":20},"end":{"line":42,"column":21}},"loc":{"start":{"line":42,"column":37},"end":{"line":57,"column":9}},"line":42},"6":{"name":"(anonymous_6)","decl":{"start":{"line":59,"column":20},"end":{"line":59,"column":21}},"loc":{"start":{"line":59,"column":32},"end":{"line":81,"column":5}},"line":59},"7":{"name":"(anonymous_7)","decl":{"start":{"line":64,"column":30},"end":{"line":64,"column":31}},"loc":{"start":{"line":64,"column":46},"end":{"line":80,"column":9}},"line":64},"8":{"name":"(anonymous_8)","decl":{"start":{"line":83,"column":24},"end":{"line":83,"column":25}},"loc":{"start":{"line":83,"column":37},"end":{"line":106,"column":7}},"line":83},"9":{"name":"(anonymous_9)","decl":{"start":{"line":86,"column":35},"end":{"line":86,"column":36}},"loc":{"start":{"line":86,"column":52},"end":{"line":105,"column":9}},"line":86},"10":{"name":"(anonymous_10)","decl":{"start":{"line":108,"column":20},"end":{"line":108,"column":21}},"loc":{"start":{"line":108,"column":33},"end":{"line":126,"column":5}},"line":108},"11":{"name":"(anonymous_11)","decl":{"start":{"line":110,"column":25},"end":{"line":110,"column":26}},"loc":{"start":{"line":110,"column":42},"end":{"line":125,"column":9}},"line":110},"12":{"name":"(anonymous_12)","decl":{"start":{"line":127,"column":11},"end":{"line":127,"column":12}},"loc":{"start":{"line":127,"column":24},"end":{"line":158,"column":5}},"line":127},"13":{"name":"(anonymous_13)","decl":{"start":{"line":129,"column":35},"end":{"line":129,"column":36}},"loc":{"start":{"line":129,"column":52},"end":{"line":157,"column":9}},"line":129}},"branchMap":{"0":{"loc":{"start":{"line":12,"column":12},"end":{"line":18,"column":13}},"type":"if","locations":[{"start":{"line":12,"column":12},"end":{"line":18,"column":13}},{"start":{},"end":{}}],"line":12},"1":{"loc":{"start":{"line":29,"column":12},"end":{"line":34,"column":13}},"type":"if","locations":[{"start":{"line":29,"column":12},"end":{"line":34,"column":13}},{"start":{},"end":{}}],"line":29},"2":{"loc":{"start":{"line":43,"column":12},"end":{"line":46,"column":13}},"type":"if","locations":[{"start":{"line":43,"column":12},"end":{"line":46,"column":13}},{"start":{},"end":{}}],"line":43},"3":{"loc":{"start":{"line":47,"column":12},"end":{"line":52,"column":13}},"type":"if","locations":[{"start":{"line":47,"column":12},"end":{"line":52,"column":13}},{"start":{},"end":{}}],"line":47},"4":{"loc":{"start":{"line":65,"column":12},"end":{"line":68,"column":13}},"type":"if","locations":[{"start":{"line":65,"column":12},"end":{"line":68,"column":13}},{"start":{},"end":{}}],"line":65},"5":{"loc":{"start":{"line":69,"column":12},"end":{"line":74,"column":13}},"type":"if","locations":[{"start":{"line":69,"column":12},"end":{"line":74,"column":13}},{"start":{},"end":{}}],"line":69},"6":{"loc":{"start":{"line":87,"column":10},"end":{"line":90,"column":11}},"type":"if","locations":[{"start":{"line":87,"column":10},"end":{"line":90,"column":11}},{"start":{},"end":{}}],"line":87},"7":{"loc":{"start":{"line":91,"column":10},"end":{"line":96,"column":11}},"type":"if","locations":[{"start":{"line":91,"column":10},"end":{"line":96,"column":11}},{"start":{},"end":{}}],"line":91},"8":{"loc":{"start":{"line":111,"column":12},"end":{"line":114,"column":13}},"type":"if","locations":[{"start":{"line":111,"column":12},"end":{"line":114,"column":13}},{"start":{},"end":{}}],"line":111},"9":{"loc":{"start":{"line":115,"column":12},"end":{"line":120,"column":13}},"type":"if","locations":[{"start":{"line":115,"column":12},"end":{"line":120,"column":13}},{"start":{},"end":{}}],"line":115},"10":{"loc":{"start":{"line":130,"column":12},"end":{"line":132,"column":13}},"type":"if","locations":[{"start":{"line":130,"column":12},"end":{"line":132,"column":13}},{"start":{},"end":{}}],"line":130},"11":{"loc":{"start":{"line":133,"column":12},"end":{"line":138,"column":13}},"type":"if","locations":[{"start":{"line":133,"column":12},"end":{"line":138,"column":13}},{"start":{},"end":{}}],"line":133},"12":{"loc":{"start":{"line":140,"column":12},"end":{"line":150,"column":13}},"type":"if","locations":[{"start":{"line":140,"column":12},"end":{"line":150,"column":13}},{"start":{},"end":{}}],"line":140}},"s":{"0":1,"1":1,"2":1,"3":1,"4":1,"5":0,"6":0,"7":0,"8":0,"9":0,"10":0,"11":0,"12":0,"13":0,"14":0,"15":0,"16":0,"17":0,"18":0,"19":0,"20":0,"21":0,"22":0,"23":0,"24":0,"25":0,"26":0,"27":0,"28":0,"29":0,"30":0,"31":0,"32":0,"33":0,"34":0,"35":0,"36":0,"37":0,"38":0,"39":0,"40":0,"41":0,"42":0,"43":0,"44":0,"45":0,"46":0,"47":0,"48":0,"49":0,"50":0,"51":0,"52":0,"53":0,"54":0,"55":0,"56":0,"57":0,"58":0,"59":0,"60":0,"61":0,"62":0,"63":0,"64":0},"f":{"0":0,"1":0,"2":0,"3":0,"4":0,"5":0,"6":0,"7":0,"8":0,"9":0,"10":0,"11":0,"12":0,"13":0},"b":{"0":[0,0],"1":[0,0],"2":[0,0],"3":[0,0],"4":[0,0],"5":[0,0],"6":[0,0],"7":[0,0],"8":[0,0],"9":[0,0],"10":[0,0],"11":[0,0],"12":[0,0]},"_coverageSchema":"1a1c01bbd47fc00a2c39e90264f33305004495a9","hash":"d0d27fe68d0cd7e6ea2f968b11becab3cc779fed"}
,"/Users/apple/code/hospital_mgt_sys/api/patient/patient.router.js": {"path":"/Users/apple/code/hospital_mgt_sys/api/patient/patient.router.js","statementMap":{"0":{"start":{"line":1,"column":107},"end":{"line":1,"column":138}},"1":{"start":{"line":2,"column":15},"end":{"line":2,"column":42}},"2":{"start":{"line":3,"column":30},"end":{"line":3,"column":67}},"3":{"start":{"line":4,"column":27},"end":{"line":4,"column":64}},"4":{"start":{"line":6,"column":0},"end":{"line":6,"column":29}},"5":{"start":{"line":7,"column":0},"end":{"line":7,"column":52}},"6":{"start":{"line":8,"column":0},"end":{"line":8,"column":54}},"7":{"start":{"line":9,"column":0},"end":{"line":9,"column":64}},"8":{"start":{"line":10,"column":0},"end":{"line":10,"column":55}},"9":{"start":{"line":11,"column":0},"end":{"line":11,"column":29}},"10":{"start":{"line":12,"column":0},"end":{"line":12,"column":24}}},"fnMap":{},"branchMap":{},"s":{"0":1,"1":1,"2":1,"3":1,"4":1,"5":1,"6":1,"7":1,"8":1,"9":1,"10":1},"f":{},"b":{},"_coverageSchema":"1a1c01bbd47fc00a2c39e90264f33305004495a9","hash":"44040e7b9d57838575372dcf3c75660db0a35d37"}
,"/Users/apple/code/hospital_mgt_sys/api/patient/patient.service.js": {"path":"/Users/apple/code/hospital_mgt_sys/api/patient/patient.service.js","statementMap":{"0":{"start":{"line":1,"column":13},"end":{"line":1,"column":45}},"1":{"start":{"line":3,"column":0},"end":{"line":108,"column":2}},"2":{"start":{"line":5,"column":8},"end":{"line":21,"column":10}},"3":{"start":{"line":16,"column":16},"end":{"line":18,"column":17}},"4":{"start":{"line":17,"column":20},"end":{"line":17,"column":42}},"5":{"start":{"line":19,"column":16},"end":{"line":19,"column":45}},"6":{"start":{"line":24,"column":8},"end":{"line":33,"column":10}},"7":{"start":{"line":28,"column":16},"end":{"line":30,"column":17}},"8":{"start":{"line":29,"column":20},"end":{"line":29,"column":43}},"9":{"start":{"line":31,"column":16},"end":{"line":31,"column":46}},"10":{"start":{"line":37,"column":8},"end":{"line":46,"column":10}},"11":{"start":{"line":41,"column":16},"end":{"line":43,"column":17}},"12":{"start":{"line":42,"column":20},"end":{"line":42,"column":43}},"13":{"start":{"line":44,"column":16},"end":{"line":44,"column":46}},"14":{"start":{"line":49,"column":8},"end":{"line":67,"column":9}},"15":{"start":{"line":62,"column":16},"end":{"line":64,"column":17}},"16":{"start":{"line":63,"column":20},"end":{"line":63,"column":43}},"17":{"start":{"line":65,"column":16},"end":{"line":65,"column":46}},"18":{"start":{"line":70,"column":8},"end":{"line":82,"column":9}},"19":{"start":{"line":77,"column":16},"end":{"line":79,"column":17}},"20":{"start":{"line":78,"column":20},"end":{"line":78,"column":43}},"21":{"start":{"line":80,"column":16},"end":{"line":80,"column":46}},"22":{"start":{"line":85,"column":8},"end":{"line":94,"column":9}},"23":{"start":{"line":89,"column":16},"end":{"line":91,"column":17}},"24":{"start":{"line":90,"column":20},"end":{"line":90,"column":43}},"25":{"start":{"line":92,"column":16},"end":{"line":92,"column":46}},"26":{"start":{"line":97,"column":8},"end":{"line":106,"column":9}},"27":{"start":{"line":101,"column":16},"end":{"line":103,"column":17}},"28":{"start":{"line":102,"column":20},"end":{"line":102,"column":43}},"29":{"start":{"line":104,"column":16},"end":{"line":104,"column":48}}},"fnMap":{"0":{"name":"(anonymous_0)","decl":{"start":{"line":4,"column":16},"end":{"line":4,"column":17}},"loc":{"start":{"line":4,"column":34},"end":{"line":22,"column":5}},"line":4},"1":{"name":"(anonymous_1)","decl":{"start":{"line":15,"column":12},"end":{"line":15,"column":13}},"loc":{"start":{"line":15,"column":39},"end":{"line":20,"column":13}},"line":15},"2":{"name":"(anonymous_2)","decl":{"start":{"line":23,"column":17},"end":{"line":23,"column":18}},"loc":{"start":{"line":23,"column":27},"end":{"line":35,"column":5}},"line":23},"3":{"name":"(anonymous_3)","decl":{"start":{"line":27,"column":12},"end":{"line":27,"column":13}},"loc":{"start":{"line":27,"column":38},"end":{"line":32,"column":13}},"line":27},"4":{"name":"(anonymous_4)","decl":{"start":{"line":36,"column":20},"end":{"line":36,"column":21}},"loc":{"start":{"line":36,"column":36},"end":{"line":47,"column":5}},"line":36},"5":{"name":"(anonymous_5)","decl":{"start":{"line":40,"column":12},"end":{"line":40,"column":13}},"loc":{"start":{"line":40,"column":38},"end":{"line":45,"column":13}},"line":40},"6":{"name":"(anonymous_6)","decl":{"start":{"line":48,"column":20},"end":{"line":48,"column":21}},"loc":{"start":{"line":48,"column":41},"end":{"line":68,"column":5}},"line":48},"7":{"name":"(anonymous_7)","decl":{"start":{"line":61,"column":12},"end":{"line":61,"column":13}},"loc":{"start":{"line":61,"column":40},"end":{"line":66,"column":13}},"line":61},"8":{"name":"(anonymous_8)","decl":{"start":{"line":69,"column":24},"end":{"line":69,"column":25}},"loc":{"start":{"line":69,"column":46},"end":{"line":83,"column":5}},"line":69},"9":{"name":"(anonymous_9)","decl":{"start":{"line":76,"column":12},"end":{"line":76,"column":13}},"loc":{"start":{"line":76,"column":38},"end":{"line":81,"column":13}},"line":76},"10":{"name":"(anonymous_10)","decl":{"start":{"line":84,"column":20},"end":{"line":84,"column":21}},"loc":{"start":{"line":84,"column":35},"end":{"line":95,"column":5}},"line":84},"11":{"name":"(anonymous_11)","decl":{"start":{"line":88,"column":12},"end":{"line":88,"column":13}},"loc":{"start":{"line":88,"column":38},"end":{"line":93,"column":13}},"line":88},"12":{"name":"(anonymous_12)","decl":{"start":{"line":96,"column":23},"end":{"line":96,"column":24}},"loc":{"start":{"line":96,"column":42},"end":{"line":107,"column":5}},"line":96},"13":{"name":"(anonymous_13)","decl":{"start":{"line":100,"column":12},"end":{"line":100,"column":13}},"loc":{"start":{"line":100,"column":38},"end":{"line":105,"column":13}},"line":100}},"branchMap":{"0":{"loc":{"start":{"line":16,"column":16},"end":{"line":18,"column":17}},"type":"if","locations":[{"start":{"line":16,"column":16},"end":{"line":18,"column":17}},{"start":{},"end":{}}],"line":16},"1":{"loc":{"start":{"line":28,"column":16},"end":{"line":30,"column":17}},"type":"if","locations":[{"start":{"line":28,"column":16},"end":{"line":30,"column":17}},{"start":{},"end":{}}],"line":28},"2":{"loc":{"start":{"line":41,"column":16},"end":{"line":43,"column":17}},"type":"if","locations":[{"start":{"line":41,"column":16},"end":{"line":43,"column":17}},{"start":{},"end":{}}],"line":41},"3":{"loc":{"start":{"line":62,"column":16},"end":{"line":64,"column":17}},"type":"if","locations":[{"start":{"line":62,"column":16},"end":{"line":64,"column":17}},{"start":{},"end":{}}],"line":62},"4":{"loc":{"start":{"line":77,"column":16},"end":{"line":79,"column":17}},"type":"if","locations":[{"start":{"line":77,"column":16},"end":{"line":79,"column":17}},{"start":{},"end":{}}],"line":77},"5":{"loc":{"start":{"line":89,"column":16},"end":{"line":91,"column":17}},"type":"if","locations":[{"start":{"line":89,"column":16},"end":{"line":91,"column":17}},{"start":{},"end":{}}],"line":89},"6":{"loc":{"start":{"line":101,"column":16},"end":{"line":103,"column":17}},"type":"if","locations":[{"start":{"line":101,"column":16},"end":{"line":103,"column":17}},{"start":{},"end":{}}],"line":101}},"s":{"0":1,"1":1,"2":0,"3":0,"4":0,"5":0,"6":0,"7":0,"8":0,"9":0,"10":0,"11":0,"12":0,"13":0,"14":0,"15":0,"16":0,"17":0,"18":0,"19":0,"20":0,"21":0,"22":0,"23":0,"24":0,"25":0,"26":0,"27":0,"28":0,"29":0},"f":{"0":0,"1":0,"2":0,"3":0,"4":0,"5":0,"6":0,"7":0,"8":0,"9":0,"10":0,"11":0,"12":0,"13":0},"b":{"0":[0,0],"1":[0,0],"2":[0,0],"3":[0,0],"4":[0,0],"5":[0,0],"6":[0,0]},"_coverageSchema":"1a1c01bbd47fc00a2c39e90264f33305004495a9","hash":"7931f5843d8615e1d6f370c2ce3aee3f4ce3f398"}
,"/Users/apple/code/hospital_mgt_sys/api/prescription/prescription.controller.js": {"path":"/Users/apple/code/hospital_mgt_sys/api/prescription/prescription.controller.js","statementMap":{"0":{"start":{"line":1,"column":28},"end":{"line":1,"column":61}},"1":{"start":{"line":2,"column":11},"end":{"line":2,"column":26}},"2":{"start":{"line":4,"column":0},"end":{"line":21,"column":2}},"3":{"start":{"line":6,"column":21},"end":{"line":6,"column":29}},"4":{"start":{"line":7,"column":8},"end":{"line":19,"column":11}},"5":{"start":{"line":8,"column":12},"end":{"line":14,"column":13}},"6":{"start":{"line":9,"column":16},"end":{"line":9,"column":33}},"7":{"start":{"line":10,"column":16},"end":{"line":13,"column":19}},"8":{"start":{"line":15,"column":12},"end":{"line":18,"column":15}}},"fnMap":{"0":{"name":"(anonymous_0)","decl":{"start":{"line":5,"column":21},"end":{"line":5,"column":22}},"loc":{"start":{"line":5,"column":32},"end":{"line":20,"column":5}},"line":5},"1":{"name":"(anonymous_1)","decl":{"start":{"line":7,"column":29},"end":{"line":7,"column":30}},"loc":{"start":{"line":7,"column":44},"end":{"line":19,"column":9}},"line":7}},"branchMap":{"0":{"loc":{"start":{"line":8,"column":12},"end":{"line":14,"column":13}},"type":"if","locations":[{"start":{"line":8,"column":12},"end":{"line":14,"column":13}},{"start":{},"end":{}}],"line":8}},"s":{"0":1,"1":1,"2":1,"3":0,"4":0,"5":0,"6":0,"7":0,"8":0},"f":{"0":0,"1":0},"b":{"0":[0,0]},"_coverageSchema":"1a1c01bbd47fc00a2c39e90264f33305004495a9","hash":"4fcf60d5b0dc5f9085641f704e057fd29f396dd4"}
,"/Users/apple/code/hospital_mgt_sys/api/prescription/prescription.router.js": {"path":"/Users/apple/code/hospital_mgt_sys/api/prescription/prescription.router.js","statementMap":{"0":{"start":{"line":1,"column":28},"end":{"line":1,"column":64}},"1":{"start":{"line":2,"column":15},"end":{"line":2,"column":42}},"2":{"start":{"line":3,"column":29},"end":{"line":3,"column":66}},"3":{"start":{"line":5,"column":0},"end":{"line":5,"column":50}},"4":{"start":{"line":7,"column":0},"end":{"line":7,"column":24}}},"fnMap":{},"branchMap":{},"s":{"0":1,"1":1,"2":1,"3":1,"4":1},"f":{},"b":{},"_coverageSchema":"1a1c01bbd47fc00a2c39e90264f33305004495a9","hash":"e8145b7838d36ca0d4d8ac872fdc5f91da8841be"}
,"/Users/apple/code/hospital_mgt_sys/api/prescription/prescription.service.js": {"path":"/Users/apple/code/hospital_mgt_sys/api/prescription/prescription.service.js","statementMap":{"0":{"start":{"line":1,"column":13},"end":{"line":1,"column":45}},"1":{"start":{"line":3,"column":0},"end":{"line":22,"column":2}},"2":{"start":{"line":5,"column":8},"end":{"line":20,"column":10}},"3":{"start":{"line":15,"column":16},"end":{"line":17,"column":17}},"4":{"start":{"line":16,"column":20},"end":{"line":16,"column":42}},"5":{"start":{"line":18,"column":16},"end":{"line":18,"column":45}}},"fnMap":{"0":{"name":"(anonymous_0)","decl":{"start":{"line":4,"column":21},"end":{"line":4,"column":22}},"loc":{"start":{"line":4,"column":39},"end":{"line":21,"column":5}},"line":4},"1":{"name":"(anonymous_1)","decl":{"start":{"line":14,"column":12},"end":{"line":14,"column":13}},"loc":{"start":{"line":14,"column":39},"end":{"line":19,"column":13}},"line":14}},"branchMap":{"0":{"loc":{"start":{"line":15,"column":16},"end":{"line":17,"column":17}},"type":"if","locations":[{"start":{"line":15,"column":16},"end":{"line":17,"column":17}},{"start":{},"end":{}}],"line":15}},"s":{"0":1,"1":1,"2":0,"3":0,"4":0,"5":0},"f":{"0":0,"1":0},"b":{"0":[0,0]},"_coverageSchema":"1a1c01bbd47fc00a2c39e90264f33305004495a9","hash":"d942bbfd9a2456d9b627a573072c9df6b49b19c1"}
,"/Users/apple/code/hospital_mgt_sys/auth/tokenValidation.js": {"path":"/Users/apple/code/hospital_mgt_sys/auth/tokenValidation.js","statementMap":{"0":{"start":{"line":1,"column":20},"end":{"line":1,"column":43}},"1":{"start":{"line":2,"column":11},"end":{"line":2,"column":26}},"2":{"start":{"line":4,"column":0},"end":{"line":54,"column":1}},"3":{"start":{"line":6,"column":20},"end":{"line":6,"column":44}},"4":{"start":{"line":7,"column":8},"end":{"line":28,"column":9}},"5":{"start":{"line":8,"column":12},"end":{"line":8,"column":35}},"6":{"start":{"line":9,"column":12},"end":{"line":21,"column":15}},"7":{"start":{"line":10,"column":16},"end":{"line":20,"column":17}},"8":{"start":{"line":11,"column":20},"end":{"line":14,"column":23}},"9":{"start":{"line":17,"column":20},"end":{"line":17,"column":44}},"10":{"start":{"line":18,"column":20},"end":{"line":18,"column":40}},"11":{"start":{"line":19,"column":20},"end":{"line":19,"column":27}},"12":{"start":{"line":24,"column":12},"end":{"line":27,"column":15}},"13":{"start":{"line":31,"column":20},"end":{"line":31,"column":44}},"14":{"start":{"line":32,"column":8},"end":{"line":52,"column":9}},"15":{"start":{"line":33,"column":12},"end":{"line":33,"column":35}},"16":{"start":{"line":34,"column":12},"end":{"line":45,"column":15}},"17":{"start":{"line":35,"column":16},"end":{"line":44,"column":17}},"18":{"start":{"line":36,"column":20},"end":{"line":39,"column":23}},"19":{"start":{"line":42,"column":20},"end":{"line":42,"column":44}},"20":{"start":{"line":43,"column":20},"end":{"line":43,"column":27}},"21":{"start":{"line":48,"column":12},"end":{"line":51,"column":15}}},"fnMap":{"0":{"name":"(anonymous_0)","decl":{"start":{"line":5,"column":23},"end":{"line":5,"column":24}},"loc":{"start":{"line":5,"column":43},"end":{"line":29,"column":5}},"line":5},"1":{"name":"(anonymous_1)","decl":{"start":{"line":9,"column":45},"end":{"line":9,"column":46}},"loc":{"start":{"line":9,"column":62},"end":{"line":21,"column":13}},"line":9},"2":{"name":"(anonymous_2)","decl":{"start":{"line":30,"column":22},"end":{"line":30,"column":23}},"loc":{"start":{"line":30,"column":41},"end":{"line":53,"column":5}},"line":30},"3":{"name":"(anonymous_3)","decl":{"start":{"line":34,"column":44},"end":{"line":34,"column":45}},"loc":{"start":{"line":34,"column":61},"end":{"line":45,"column":13}},"line":34}},"branchMap":{"0":{"loc":{"start":{"line":7,"column":8},"end":{"line":28,"column":9}},"type":"if","locations":[{"start":{"line":7,"column":8},"end":{"line":28,"column":9}},{"start":{"line":23,"column":12},"end":{"line":28,"column":9}}],"line":7},"1":{"loc":{"start":{"line":10,"column":16},"end":{"line":20,"column":17}},"type":"if","locations":[{"start":{"line":10,"column":16},"end":{"line":20,"column":17}},{"start":{"line":16,"column":20},"end":{"line":20,"column":17}}],"line":10},"2":{"loc":{"start":{"line":32,"column":8},"end":{"line":52,"column":9}},"type":"if","locations":[{"start":{"line":32,"column":8},"end":{"line":52,"column":9}},{"start":{"line":47,"column":12},"end":{"line":52,"column":9}}],"line":32},"3":{"loc":{"start":{"line":35,"column":16},"end":{"line":44,"column":17}},"type":"if","locations":[{"start":{"line":35,"column":16},"end":{"line":44,"column":17}},{"start":{"line":41,"column":20},"end":{"line":44,"column":17}}],"line":35}},"s":{"0":1,"1":1,"2":1,"3":0,"4":0,"5":0,"6":0,"7":0,"8":0,"9":0,"10":0,"11":0,"12":0,"13":5,"14":5,"15":2,"16":2,"17":2,"18":0,"19":2,"20":2,"21":3},"f":{"0":0,"1":0,"2":5,"3":2},"b":{"0":[0,0],"1":[0,0],"2":[2,3],"3":[0,2]},"_coverageSchema":"1a1c01bbd47fc00a2c39e90264f33305004495a9","hash":"f671a7d0afc9ebc7d5d34623d2bfaeaf74249a33"}
,"/Users/apple/code/hospital_mgt_sys/config/database.js": {"path":"/Users/apple/code/hospital_mgt_sys/config/database.js","statementMap":{"0":{"start":{"line":1,"column":23},"end":{"line":1,"column":40}},"1":{"start":{"line":2,"column":11},"end":{"line":2,"column":26}},"2":{"start":{"line":4,"column":13},"end":{"line":10,"column":2}},"3":{"start":{"line":12,"column":0},"end":{"line":12,"column":22}}},"fnMap":{},"branchMap":{},"s":{"0":1,"1":1,"2":1,"3":1},"f":{},"b":{},"_coverageSchema":"1a1c01bbd47fc00a2c39e90264f33305004495a9","hash":"df8fc367da8ced61d086f413e7c962895cd431c6"}
}
